<?xml version="1.0" encoding="UTF-8"?>
<testng-results ignored="0" total="1" passed="1" failed="0" skipped="0">
  <reporter-output>
  </reporter-output>
  <suite started-at="2025-04-25T23:31:14 IST" name="Default suite" finished-at="2025-04-25T23:31:25 IST" duration-ms="10408">
    <groups>
    </groups>
    <test started-at="2025-04-25T23:31:14 IST" name="Default test" finished-at="2025-04-25T23:31:25 IST" duration-ms="10408">
      <class name="com.tutorialsninja.testcases.LoginTest">
        <test-method is-config="true" signature="setup()[pri:0, instance:com.tutorialsninja.testcases.LoginTest@7ef27d7f]" started-at="2025-04-25T23:31:14 IST" name="setup" finished-at="2025-04-25T23:31:24 IST" duration-ms="9944" status="PASS">
          <reporter-output>
          </reporter-output>
        </test-method> <!-- setup -->
        <test-method signature="loginTest()[pri:0, instance:com.tutorialsninja.testcases.LoginTest@7ef27d7f]" started-at="2025-04-25T23:31:24 IST" name="loginTest" finished-at="2025-04-25T23:31:24 IST" duration-ms="9" status="PASS">
          <reporter-output>
          </reporter-output>
        </test-method> <!-- loginTest -->
        <test-method is-config="true" signature="tearDown()[pri:0, instance:com.tutorialsninja.testcases.LoginTest@7ef27d7f]" started-at="2025-04-25T23:31:24 IST" name="tearDown" finished-at="2025-04-25T23:31:25 IST" duration-ms="402" status="PASS">
          <reporter-output>
          </reporter-output>
        </test-method> <!-- tearDown -->
      </class> <!-- com.tutorialsninja.testcases.LoginTest -->
    </test> <!-- Default test -->
  </suite> <!-- Default suite -->
</testng-results>
